[s6-init] making user provided files available at /var/run/s6/etc...exited 0.
[s6-init] ensuring user provided files have correct perms...exited 0.
[fix-attrs.d] applying ownership & permissions fixes...
[fix-attrs.d] done.
[cont-init.d] executing container initialization scripts...
[cont-init.d] done.
[services.d] starting services
/opt/bin/serf agent --join ha --replay --event-handler member-join=/serf-handlers/member-join.sh --event-handler member-leave,member-failed=/serf-handlers/member-leave.sh --tag role=balancer
[services.d] done.
==> Starting Serf agent...
==> Starting Serf agent RPC...
==> Serf agent running!
         Node name: '10058f18ac2f'
         Bind addr: '0.0.0.0:7946'
                       RPC addr: '127.0.0.1:7373'
                      Encrypted: false
                       Snapshot: false
                        Profile: lan
    Message Compression Enabled: true
==> Joining cluster...(replay: true)
    Join completed. Synced with 1 initial agents

==> Log data will now stream in as it occurs:

    2020/12/16 15:05:13 [INFO] agent: Serf agent starting
    2020/12/16 15:05:13 [INFO] serf: EventMemberJoin: 10058f18ac2f 192.168.42.2
    2020/12/16 15:05:13 [INFO] agent: joining: [ha] replay: true
    2020/12/16 15:05:13 [INFO] agent: joined: 1 nodes
[WARNING] 350/150513 (210) : Server nodes/s1 is DOWN, reason: Layer4 connection problem, info: "Connection refused", check duration: 0ms. 1 active and 0 backup servers left. 0 sessions active, 0 requeued, 0 remaining in queue.
    2020/12/16 15:05:14 [INFO] agent: Received event: member-join
[WARNING] 350/150514 (210) : Server nodes/s2 is DOWN, reason: Layer4 connection problem, info: "Connection refused", check duration: 0ms. 0 active and 0 backup servers left. 0 sessions active, 0 requeued, 0 remaining in queue.
[NOTICE] 350/150514 (210) : haproxy version is 2.2.6-3709bd4
[NOTICE] 350/150514 (210) : path to executable is /usr/local/sbin/haproxy
[ALERT] 350/150514 (210) : backend 'nodes' has no server available!
    2020/12/16 15:13:48 [INFO] serf: EventMemberJoin: 7110f3c0f08a 192.168.42.3
    2020/12/16 15:13:49 [INFO] agent: Received event: member-join
    2020/12/16 15:18:57 [INFO] serf: EventMemberJoin: 2a972076e630 192.168.42.4
    2020/12/16 15:18:58 [INFO] agent: Received event: member-join

